<?xml version="1.0" encoding="UTF-8"?>
<!-- Generated by org.testng.reporters.JUnitReportReporter -->
<testsuite hostname="DESKTOP-74FRKB0" failures="0" tests="1" name="RuncCukesTest" time="0.581" errors="0" timestamp="2022-01-20T20:34:31 CST" skipped="0">
  <testcase classname="RuncCukesTest" name="feature" time="0.581"/>
  <system-out/>
</testsuite> <!-- RuncCukesTest -->
